[debug] [2024-07-20T16:01:37.063Z] ----------------------------------------------------------------------
[debug] [2024-07-20T16:01:37.069Z] Command:       /usr/local/bin/node /Users/apple/.npm-global/bin/firebase init
[debug] [2024-07-20T16:01:37.070Z] CLI Version:   13.13.3
[debug] [2024-07-20T16:01:37.070Z] Platform:      darwin
[debug] [2024-07-20T16:01:37.070Z] Node Version:  v21.1.0
[debug] [2024-07-20T16:01:37.071Z] Time:          Sat Jul 20 2024 19:01:37 GMT+0300 (East Africa Time)
[debug] [2024-07-20T16:01:37.072Z] ----------------------------------------------------------------------
[debug] 
[debug] [2024-07-20T16:01:37.376Z] > command requires scopes: ["email","openid","https://www.googleapis.com/auth/cloudplatformprojects.readonly","https://www.googleapis.com/auth/firebase","https://www.googleapis.com/auth/cloud-platform"]
[debug] [2024-07-20T16:01:37.377Z] > authorizing via signed-in user (grandelo.sup2@gmail.com)
[info] 
     ######## #### ########  ######## ########     ###     ######  ########
     ##        ##  ##     ## ##       ##     ##  ##   ##  ##       ##
     ######    ##  ########  ######   ########  #########  ######  ######
     ##        ##  ##    ##  ##       ##     ## ##     ##       ## ##
     ##       #### ##     ## ######## ########  ##     ##  ######  ########

You're about to initialize a Firebase project in this directory:

  /Users/apple/Desktop/projects_sam/Baze/frontend/ELOsystemv1/frontend/client

Before we get started, keep in mind:

  * You are initializing within an existing Firebase project directory

[info] 
=== Project Setup
[info] 
[info] First, let's associate this project directory with a Firebase project.
[info] You can create multiple project aliases by running firebase use --add, 
[info] but for now we'll just set up a default project.
[info] 
[debug] [2024-07-20T16:16:44.812Z] Using project from CLI flag: grandelo
[debug] [2024-07-20T16:16:44.813Z] > refreshing access token with scopes: []
[debug] [2024-07-20T16:16:44.816Z] >>> [apiv2][query] POST https://www.googleapis.com/oauth2/v3/token [none]
[debug] [2024-07-20T16:16:44.816Z] >>> [apiv2][body] POST https://www.googleapis.com/oauth2/v3/token [omitted]
[debug] [2024-07-20T16:16:46.687Z] <<< [apiv2][status] POST https://www.googleapis.com/oauth2/v3/token 200
[debug] [2024-07-20T16:16:46.688Z] <<< [apiv2][body] POST https://www.googleapis.com/oauth2/v3/token [omitted]
[debug] [2024-07-20T16:16:49.313Z] >>> [apiv2][query] GET https://firebase.googleapis.com/v1beta1/projects/grandelo [none]
[debug] [2024-07-20T16:16:50.440Z] <<< [apiv2][status] GET https://firebase.googleapis.com/v1beta1/projects/grandelo 403
[debug] [2024-07-20T16:16:50.440Z] <<< [apiv2][body] GET https://firebase.googleapis.com/v1beta1/projects/grandelo {"error":{"code":403,"message":"The caller does not have permission","status":"PERMISSION_DENIED"}}
[debug] [2024-07-20T16:16:50.441Z] HTTP Error: 403, The caller does not have permission
[debug] [2024-07-20T16:16:50.982Z] FirebaseError: HTTP Error: 403, The caller does not have permission
    at responseToError (/Users/apple/.npm-global/lib/node_modules/firebase-tools/lib/responseToError.js:49:12)
    at RetryOperation._fn (/Users/apple/.npm-global/lib/node_modules/firebase-tools/lib/apiv2.js:305:77)
    at process.processTicksAndRejections (node:internal/process/task_queues:95:5)
[error] 
[error] Error: Failed to get Firebase project grandelo. Please make sure the project exists and your account has permission to access it.
